<?xml version="1.0" encoding="UTF-8"?>
<!-- Generated by org.testng.reporters.JUnitReportReporter -->
<testsuite skipped="0" hostname="banner.local" name="com.exiu.tester.carowener.home.Test007_Search" tests="5" failures="0" timestamp="01 六月 2017 06:41:17 GMT" time="552.525" errors="1">
  <testcase name="保险" time="93.032" classname="com.exiu.tester.carowener.home.Test007_Search"/>
  <testcase name="洗车办卡" time="98.348" classname="com.exiu.tester.carowener.home.Test007_Search"/>
  <testcase name="上门维修" time="147.696" classname="com.exiu.tester.carowener.home.Test007_Search"/>
  <testcase name="办卡担保" time="102.153" classname="com.exiu.tester.carowener.home.Test007_Search"/>
  <testcase name="历史搜索" time="111.296" classname="com.exiu.tester.carowener.home.Test007_Search">
    <error type="java.lang.RuntimeException" message="比对失败">
      <![CDATA[java.lang.RuntimeException: 比对失败
	at com.exiu.developer.BaseTestCase.compare(BaseTestCase.java:111)
	at com.exiu.tester.carowener.home.Test007_Search.历史搜索(Test007_Search.java:55)
	at sun.reflect.NativeMethodAccessorImpl.invoke0(Native Method)
	at sun.reflect.NativeMethodAccessorImpl.invoke(NativeMethodAccessorImpl.java:62)
	at sun.reflect.DelegatingMethodAccessorImpl.invoke(DelegatingMethodAccessorImpl.java:43)
	at java.lang.reflect.Method.invoke(Method.java:498)
	at org.testng.internal.MethodInvocationHelper.invokeMethod(MethodInvocationHelper.java:108)
	at org.testng.internal.Invoker.invokeMethod(Invoker.java:661)
	at org.testng.internal.Invoker.invokeTestMethod(Invoker.java:869)
	at org.testng.internal.Invoker.invokeTestMethods(Invoker.java:1193)
	at org.testng.internal.TestMethodWorker.invokeTestMethods(TestMethodWorker.java:126)
	at org.testng.internal.TestMethodWorker.run(TestMethodWorker.java:109)
	at org.testng.TestRunner.privateRun(TestRunner.java:744)
	at org.testng.TestRunner.run(TestRunner.java:602)
	at org.testng.SuiteRunner.runTest(SuiteRunner.java:380)
	at org.testng.SuiteRunner.runSequentially(SuiteRunner.java:375)
	at org.testng.SuiteRunner.privateRun(SuiteRunner.java:340)
	at org.testng.SuiteRunner.run(SuiteRunner.java:289)
	at org.testng.SuiteRunnerWorker.runSuite(SuiteRunnerWorker.java:52)
	at org.testng.SuiteRunnerWorker.run(SuiteRunnerWorker.java:86)
	at org.testng.TestNG.runSuitesSequentially(TestNG.java:1301)
	at org.testng.TestNG.runSuitesLocally(TestNG.java:1226)
	at org.testng.TestNG.runSuites(TestNG.java:1144)
	at org.testng.TestNG.run(TestNG.java:1115)
	at org.testng.remote.AbstractRemoteTestNG.run(AbstractRemoteTestNG.java:132)
	at org.testng.remote.RemoteTestNG.initAndRun(RemoteTestNG.java:230)
	at org.testng.remote.RemoteTestNG.main(RemoteTestNG.java:76)
]]>
    </error>
  </testcase> <!-- 历史搜索 -->
</testsuite> <!-- com.exiu.tester.carowener.home.Test007_Search -->
